<?xml version="1.0" encoding="ASCII"?>
<definitions xmlns="http://docs.oasis-open.org/ns/opencsa/sca/200903"
             xmlns:sca="http://docs.oasis-open.org/ns/opencsa/sca/200903"
             targetNamespace="urn:fabric3.org:policy"
             xmlns:f3-policy="urn:fabric3.org:policy">

    <!-- Authentication policy -->
    <policySet name="authenticationPolicy" provides="sca:authentication.message" appliesTo="binding.ftp">
        <f3-policy:security user="meeraj" password="password"/>
    </policySet>

</definitions>
