<?xml version="1.0" encoding="ASCII"?>
<!--
 Fabric3
 Copyright (c) 2009 Metaform Systems

 Fabric3 integration tests are licensed under the Apache 2.0 license.
 -->
<definitions xmlns="http://docs.oasis-open.org/ns/opencsa/sca/200903"
    xmlns:sca="http://docs.oasis-open.org/ns/opencsa/sca/200903"
    targetNamespace="urn:fabric3.org:policy"
    xmlns:f3-policy="urn:fabric3.org:policy">
    
    <!-- Authorization policy -->
    <policySet name="testServerX509TokenAuthrizationPolicy"
               provides="f3-policy:authorization.message"
               appliesTo="binding.ws and sca:OperationRef('Axis2EchoService/echoWsX509Token')"
               f3-policy:phase="INTERCEPTION">
        <f3-policy:authorization roles="ADMIN"/>            
    </policySet>
    
    <!-- Server policy using ws-policy -->
    <policySet name="testServerX509TokenPolicy"
               provides="sca:authentication.message" 
               appliesTo="service/binding.ws and sca:OperationRef('Axis2EchoService/echoWsX509Token')">
        <f3-policy:axisConfig module="rampart" message="In">
            <wsp:Policy wsu:Id="X509TokenPolicy" xmlns:wsp="http://schemas.xmlsoap.org/ws/2004/09/policy" 
                xmlns:sp="http://schemas.xmlsoap.org/ws/2005/07/securitypolicy" 
                xmlns:wsu="http://docs.oasis-open.org/wss/2004/01/oasis-200401-wss-wssecurity-utility-1.0.xsd" >
                    <sp:AsymmetricBinding>
                        <wsp:Policy>
                            <sp:InitiatorToken>
                                <wsp:Policy>
                                    <sp:X509Token sp:IncludeToken="http://schemas.xmlsoap.org/ws/2005/07/securitypolicy/IncludeToken/AlwaysToRecipient">
                                        <wsp:Policy>
                                            <sp:WssX509PkiPathV1Token10/>
                                        </wsp:Policy>
                                    </sp:X509Token>
                                </wsp:Policy>
                            </sp:InitiatorToken>
                            <sp:RecipientToken>
                                <wsp:Policy>
                                    <sp:X509Token sp:IncludeToken="http://schemas.xmlsoap.org/ws/2005/07/securitypolicy/IncludeToken/Never">
                                        <wsp:Policy>
                                            <sp:WssX509PkiPathV1Token10/>
                                        </wsp:Policy>
                                    </sp:X509Token>
                                </wsp:Policy>
                            </sp:RecipientToken>
                            <sp:AlgorithmSuite>
                                <wsp:Policy>
                                    <sp:TripleDesRsa15/>
                                </wsp:Policy>
                            </sp:AlgorithmSuite>
                            <sp:Layout>
                                <wsp:Policy>
                                    <sp:Strict/>
                                </wsp:Policy>
                            </sp:Layout>
                            <sp:IncludeTimestamp/>
                        </wsp:Policy>
                    </sp:AsymmetricBinding>
                    <sp:SignedParts xmlns:sp="http://schemas.xmlsoap.org/ws/2005/07/securitypolicy">
                        <sp:Body/>
                    </sp:SignedParts>
                    <ramp:RampartConfig xmlns:ramp="http://ws.apache.org/rampart/policy"> 
                        <ramp:user>axis2test</ramp:user>
                        <ramp:timestampTTL/>		                        	
                        <ramp:passwordCallbackClass>org.fabric3.tests.security.PasswordHandler</ramp:passwordCallbackClass>
                        <ramp:signatureCrypto>
                        <ramp:crypto provider="org.apache.ws.security.components.crypto.Merlin">
                            <ramp:property name="org.apache.ws.security.crypto.merlin.keystore.type">JKS</ramp:property>
                            <ramp:property name="org.apache.ws.security.crypto.merlin.file">axis2test.jks</ramp:property>
                            <ramp:property name="org.apache.ws.security.crypto.merlin.keystore.password">changeit</ramp:property>
                        </ramp:crypto>
                    </ramp:signatureCrypto>
                </ramp:RampartConfig>
            </wsp:Policy>
        </f3-policy:axisConfig>
    </policySet>
    
    <!-- Client policy using ws-policy -->
    <policySet 	name="testClientX509TokenPolicy"
                provides="sca:authentication.message" 
                appliesTo="reference/binding.ws and sca:OperationRef('Axis2EchoService/echoWsX509Token')">
        <f3-policy:axisConfig module="rampart" message="Out">
        <wsp:Policy wsu:Id="X509TokenPolicy" xmlns:wsp="http://schemas.xmlsoap.org/ws/2004/09/policy" 
            xmlns:sp="http://schemas.xmlsoap.org/ws/2005/07/securitypolicy" 
            xmlns:wsu="http://docs.oasis-open.org/wss/2004/01/oasis-200401-wss-wssecurity-utility-1.0.xsd" >
            <sp:AsymmetricBinding>
                <wsp:Policy>
                    <sp:InitiatorToken>
                        <wsp:Policy>
                            <sp:X509Token sp:IncludeToken="http://schemas.xmlsoap.org/ws/2005/07/securitypolicy/IncludeToken/AlwaysToRecipient">
                                <wsp:Policy>
                                    <sp:WssX509PkiPathV1Token10/>
                                </wsp:Policy>
                            </sp:X509Token>
                        </wsp:Policy>
                    </sp:InitiatorToken>
                    <sp:RecipientToken>
                        <wsp:Policy>
                            <sp:X509Token sp:IncludeToken="http://schemas.xmlsoap.org/ws/2005/07/securitypolicy/IncludeToken/Never">
                                <wsp:Policy>
                                    <sp:WssX509PkiPathV1Token10/>
                                </wsp:Policy>
                            </sp:X509Token>
                        </wsp:Policy>
                    </sp:RecipientToken>
                    <sp:AlgorithmSuite>
                        <wsp:Policy>
                            <sp:TripleDesRsa15/>
                        </wsp:Policy>
                    </sp:AlgorithmSuite>
                    <sp:Layout>
                        <wsp:Policy>
                            <sp:Strict/>
                        </wsp:Policy>
                    </sp:Layout>
                    <sp:IncludeTimestamp/>
                </wsp:Policy>
            </sp:AsymmetricBinding>
            <sp:SignedParts xmlns:sp="http://schemas.xmlsoap.org/ws/2005/07/securitypolicy">
                <sp:Body/>
            </sp:SignedParts>
            <ramp:RampartConfig xmlns:ramp="http://ws.apache.org/rampart/policy"> 
                <ramp:user>axis2test</ramp:user>
                <ramp:timestampTTL/>		                        	
                <ramp:passwordCallbackClass>org.fabric3.tests.security.PasswordHandler</ramp:passwordCallbackClass>
                <ramp:signatureCrypto>
                    <ramp:crypto provider="org.apache.ws.security.components.crypto.Merlin">
                        <ramp:property name="org.apache.ws.security.crypto.merlin.keystore.type">JKS</ramp:property>
                        <ramp:property name="org.apache.ws.security.crypto.merlin.file">axis2test.jks</ramp:property>
                        <ramp:property name="org.apache.ws.security.crypto.merlin.keystore.password">changeit</ramp:property>
                    </ramp:crypto>
                </ramp:signatureCrypto>
            </ramp:RampartConfig>
        </wsp:Policy>
    </f3-policy:axisConfig>
    </policySet>
</definitions>